[21/10/2023 10:24:10] Yahyaop25 won Bow (ID: bow, Weight: 25.0) from VOTE CRATE (ID: vote)
[21/10/2023 10:24:11] Yahyaop25 won Iron Chestplate (ID: iron_chestplate, Weight: 25.0) from VOTE CRATE (ID: vote)
[21/10/2023 10:24:12] Yahyaop25 won Crossbow (ID: crossbow, Weight: 25.0) from VOTE CRATE (ID: vote)
[21/10/2023 10:24:12] Yahyaop25 won Diamond Pickaxe (ID: diamond_pickaxe, Weight: 25.0) from VOTE CRATE (ID: vote)
[21/10/2023 10:24:15] Yahyaop25 won Fire key (ID: fire_key, Weight: 25.0) from VOTE CRATE (ID: vote)
[21/10/2023 10:24:15] Yahyaop25 won Crossbow (ID: crossbow, Weight: 25.0) from VOTE CRATE (ID: vote)
[21/10/2023 10:24:15] Yahyaop25 won Bow (ID: bow, Weight: 25.0) from VOTE CRATE (ID: vote)
[21/10/2023 10:24:15] Yahyaop25 won Iron Chestplate (ID: iron_chestplate, Weight: 25.0) from VOTE CRATE (ID: vote)
[21/10/2023 10:24:16] Yahyaop25 won Gold Ingot (ID: gold_ingot, Weight: 25.0) from VOTE CRATE (ID: vote)
[21/10/2023 10:24:16] Yahyaop25 won Diamond (ID: diamond, Weight: 25.0) from VOTE CRATE (ID: vote)
[21/10/2023 10:24:16] Yahyaop25 won Diamond Pickaxe (ID: diamond_pickaxe, Weight: 25.0) from VOTE CRATE (ID: vote)
[21/10/2023 12:19:34] Yahyaop25 won 2000$ (ID: 2000$, Weight: 25.0) from ECONOMY CRATE (ID: economy)
[21/10/2023 12:19:44] Yahyaop25 won 23K$ (ID: 23k$, Weight: 25.0) from ECONOMY CRATE (ID: economy)
[21/10/2023 12:19:44] Yahyaop25 won 33.5K$ (ID: 33.5k$, Weight: 25.0) from ECONOMY CRATE (ID: economy)
[21/10/2023 12:19:44] Yahyaop25 won 45K$ (ID: 45k$, Weight: 25.0) from ECONOMY CRATE (ID: economy)
[21/10/2023 12:19:44] Yahyaop25 won 17K$ (ID: 17k$, Weight: 25.0) from ECONOMY CRATE (ID: economy)
[21/10/2023 12:19:45] Yahyaop25 won 26K$ (ID: 26k$, Weight: 25.0) from ECONOMY CRATE (ID: economy)
[21/10/2023 12:19:46] Yahyaop25 won 5000$ (ID: 5000$, Weight: 25.0) from ECONOMY CRATE (ID: economy)
[21/10/2023 16:26:53] Yahyaop25 won Crossbow (ID: crossbow, Weight: 25.0) from INSANE CRATE (ID: insane)
[21/10/2023 16:26:55] Yahyaop25 won Legendary key (ID: legendary_key, Weight: 25.0) from INSANE CRATE (ID: insane)
[21/10/2023 16:26:56] Yahyaop25 won Shield (ID: shield, Weight: 25.0) from INSANE CRATE (ID: insane)
[21/10/2023 16:26:57] Yahyaop25 won Obsidian (ID: obsidian, Weight: 25.0) from INSANE CRATE (ID: insane)
[21/10/2023 16:26:58] Yahyaop25 won Diamond Axe (ID: diamond_axe, Weight: 25.0) from INSANE CRATE (ID: insane)
[21/10/2023 16:26:59] Yahyaop25 won Diamond Boots (ID: diamond_boots, Weight: 25.0) from INSANE CRATE (ID: insane)
[21/10/2023 16:26:59] Yahyaop25 won Trident (ID: trident, Weight: 25.0) from INSANE CRATE (ID: insane)
[21/10/2023 16:27:00] Yahyaop25 won Shield (ID: shield, Weight: 25.0) from INSANE CRATE (ID: insane)
[21/10/2023 16:27:01] Yahyaop25 won Elytra (ID: elytra, Weight: 25.0) from INSANE CRATE (ID: insane)
[21/10/2023 16:27:21] Yahyaop25 won Bow (ID: bow, Weight: 25.0) from INSANE CRATE (ID: insane)
[21/10/2023 16:27:22] Yahyaop25 won Obsidian (ID: obsidian, Weight: 25.0) from INSANE CRATE (ID: insane)
[21/10/2023 16:27:23] Yahyaop25 won 15000$ (ID: 15000$, Weight: 25.0) from INSANE CRATE (ID: insane)
[21/10/2023 16:27:24] Yahyaop25 won 15000$ (ID: 15000$, Weight: 25.0) from INSANE CRATE (ID: insane)
[21/10/2023 16:27:25] Yahyaop25 won Diamond Sword (ID: diamond_sword, Weight: 25.0) from INSANE CRATE (ID: insane)
[21/10/2023 16:27:25] Yahyaop25 won Enchanted Golden Apple (ID: enchanted_golden_apple, Weight: 25.0) from INSANE CRATE (ID: insane)
[21/10/2023 16:27:26] Yahyaop25 won Elytra (ID: elytra, Weight: 25.0) from INSANE CRATE (ID: insane)
[21/10/2023 16:27:27] Yahyaop25 won Trident (ID: trident, Weight: 25.0) from INSANE CRATE (ID: insane)
[21/10/2023 16:27:27] Yahyaop25 won Elytra (ID: elytra, Weight: 25.0) from INSANE CRATE (ID: insane)
[21/10/2023 16:27:28] Yahyaop25 won Enchanted Golden Apple (ID: enchanted_golden_apple, Weight: 25.0) from INSANE CRATE (ID: insane)
[21/10/2023 16:27:43] Yahyaop25 won Golden Apple (ID: golden_apple, Weight: 25.0) from INSANE CRATE (ID: insane)
[21/10/2023 16:27:44] Yahyaop25 won Diamond Helmet (ID: diamond_helmet, Weight: 25.0) from INSANE CRATE (ID: insane)
[21/10/2023 16:27:45] Yahyaop25 won Legendary key (ID: legendary_key, Weight: 25.0) from INSANE CRATE (ID: insane)
[21/10/2023 16:27:45] Yahyaop25 won Enchanted Golden Apple (ID: enchanted_golden_apple, Weight: 25.0) from INSANE CRATE (ID: insane)
[21/10/2023 16:27:45] Yahyaop25 won End Crystal (ID: end_crystal, Weight: 25.0) from INSANE CRATE (ID: insane)
[21/10/2023 16:34:49] Yahyaop25 won Diamond Pickaxe (ID: diamond_pickaxe, Weight: 25.0) from INSANE CRATE (ID: insane)
[21/10/2023 16:34:51] Yahyaop25 won Block of Diamond (ID: block_of_diamond, Weight: 25.0) from INSANE CRATE (ID: insane)
[21/10/2023 16:35:05] Yahyaop25 won 20000$ (ID: 20000$, Weight: 25.0) from INSANE CRATE (ID: insane)
[21/10/2023 16:35:05] Yahyaop25 won Economy key (ID: economy_key, Weight: 25.0) from INSANE CRATE (ID: insane)
[21/10/2023 16:35:06] Yahyaop25 won Crossbow (ID: crossbow, Weight: 25.0) from INSANE CRATE (ID: insane)
[21/10/2023 16:35:06] Yahyaop25 won Diamond Sword (ID: diamond_sword, Weight: 25.0) from INSANE CRATE (ID: insane)
[21/10/2023 16:35:07] Yahyaop25 won Diamond Axe (ID: diamond_axe, Weight: 25.0) from INSANE CRATE (ID: insane)
[21/10/2023 16:35:08] Yahyaop25 won Diamond Sword (ID: diamond_sword, Weight: 25.0) from INSANE CRATE (ID: insane)
[21/10/2023 16:35:09] Yahyaop25 won Diamond Leggings (ID: diamond_leggings, Weight: 25.0) from INSANE CRATE (ID: insane)
[21/10/2023 16:35:25] Yahyaop25 won Economy key (ID: economy_key, Weight: 25.0) from INSANE CRATE (ID: insane)
[21/10/2023 16:35:25] Yahyaop25 won 20000$ (ID: 20000$, Weight: 25.0) from INSANE CRATE (ID: insane)
[21/10/2023 16:35:25] Yahyaop25 won Diamond Pickaxe (ID: diamond_pickaxe, Weight: 25.0) from INSANE CRATE (ID: insane)
[21/10/2023 16:35:25] Yahyaop25 won Diamond Boots (ID: diamond_boots, Weight: 25.0) from INSANE CRATE (ID: insane)
[21/10/2023 16:35:25] Yahyaop25 won Economy key (ID: economy_key, Weight: 25.0) from INSANE CRATE (ID: insane)
[21/10/2023 16:35:25] Yahyaop25 won Diamond Pickaxe (ID: diamond_pickaxe, Weight: 25.0) from INSANE CRATE (ID: insane)
[21/10/2023 16:35:26] Yahyaop25 won Crossbow (ID: crossbow, Weight: 25.0) from INSANE CRATE (ID: insane)
[21/10/2023 16:35:26] Yahyaop25 won Diamond Boots (ID: diamond_boots, Weight: 25.0) from INSANE CRATE (ID: insane)
[21/10/2023 16:35:26] Yahyaop25 won Shield (ID: shield, Weight: 25.0) from INSANE CRATE (ID: insane)
[21/10/2023 16:35:26] Yahyaop25 won Diamond Leggings (ID: diamond_leggings, Weight: 25.0) from INSANE CRATE (ID: insane)
[21/10/2023 16:35:26] Yahyaop25 won Economy key (ID: economy_key, Weight: 25.0) from INSANE CRATE (ID: insane)
[21/10/2023 16:35:26] Yahyaop25 won 15000$ (ID: 15000$, Weight: 25.0) from INSANE CRATE (ID: insane)
[21/10/2023 16:35:27] Yahyaop25 won Diamond Sword (ID: diamond_sword, Weight: 25.0) from INSANE CRATE (ID: insane)
[21/10/2023 16:35:27] Yahyaop25 won Enchanted Golden Apple (ID: enchanted_golden_apple, Weight: 25.0) from INSANE CRATE (ID: insane)
[21/10/2023 16:35:27] Yahyaop25 won Legendary key (ID: legendary_key, Weight: 25.0) from INSANE CRATE (ID: insane)
[21/10/2023 16:35:27] Yahyaop25 won Economy key (ID: economy_key, Weight: 25.0) from INSANE CRATE (ID: insane)
[21/10/2023 16:35:27] Yahyaop25 won Obsidian (ID: obsidian, Weight: 25.0) from INSANE CRATE (ID: insane)
[21/10/2023 16:35:27] Yahyaop25 won Block of Diamond (ID: block_of_diamond, Weight: 25.0) from INSANE CRATE (ID: insane)
[21/10/2023 16:35:28] Yahyaop25 won Block of Diamond (ID: block_of_diamond, Weight: 25.0) from INSANE CRATE (ID: insane)
[21/10/2023 16:35:28] Yahyaop25 won Golden Carrot (ID: golden_carrot, Weight: 25.0) from INSANE CRATE (ID: insane)
[21/10/2023 16:35:28] Yahyaop25 won Enchanted Golden Apple (ID: enchanted_golden_apple, Weight: 25.0) from INSANE CRATE (ID: insane)
[21/10/2023 16:36:07] Yahyaop25 won Diamond Axe (ID: diamond_axe, Weight: 25.0) from INSANE CRATE (ID: insane)
[21/10/2023 16:36:08] Yahyaop25 won Trident (ID: trident, Weight: 25.0) from INSANE CRATE (ID: insane)
[21/10/2023 16:36:10] Yahyaop25 won 15000$ (ID: 15000$, Weight: 25.0) from INSANE CRATE (ID: insane)
[21/10/2023 16:36:11] Yahyaop25 won Diamond Helmet (ID: diamond_helmet, Weight: 25.0) from INSANE CRATE (ID: insane)
[21/10/2023 16:36:12] Yahyaop25 won 15000$ (ID: 15000$, Weight: 25.0) from INSANE CRATE (ID: insane)
[21/10/2023 16:36:12] Yahyaop25 won Diamond Pickaxe (ID: diamond_pickaxe, Weight: 25.0) from INSANE CRATE (ID: insane)
[21/10/2023 16:36:12] Yahyaop25 won Block of Diamond (ID: block_of_diamond, Weight: 25.0) from INSANE CRATE (ID: insane)
[21/10/2023 16:36:13] Yahyaop25 won Elytra (ID: elytra, Weight: 25.0) from INSANE CRATE (ID: insane)
[21/10/2023 16:36:13] Yahyaop25 won Block of Diamond (ID: block_of_diamond, Weight: 25.0) from INSANE CRATE (ID: insane)
[21/10/2023 16:36:13] Yahyaop25 won Elytra (ID: elytra, Weight: 25.0) from INSANE CRATE (ID: insane)
[21/10/2023 16:36:13] Yahyaop25 won Diamond Axe (ID: diamond_axe, Weight: 25.0) from INSANE CRATE (ID: insane)
[21/10/2023 16:36:13] Yahyaop25 won End Crystal (ID: end_crystal, Weight: 25.0) from INSANE CRATE (ID: insane)
[21/10/2023 16:36:13] Yahyaop25 won Shield (ID: shield, Weight: 25.0) from INSANE CRATE (ID: insane)
[21/10/2023 16:36:13] Yahyaop25 won 20000$ (ID: 20000$, Weight: 25.0) from INSANE CRATE (ID: insane)
[21/10/2023 16:36:14] Yahyaop25 won Block of Netherite (ID: block_of_netherite, Weight: 25.0) from INSANE CRATE (ID: insane)
[21/10/2023 16:36:14] Yahyaop25 won Diamond Leggings (ID: diamond_leggings, Weight: 25.0) from INSANE CRATE (ID: insane)
[21/10/2023 16:36:14] Yahyaop25 won 15000$ (ID: 15000$, Weight: 25.0) from INSANE CRATE (ID: insane)
[21/10/2023 16:36:24] Yahyaop25 won Crossbow (ID: crossbow, Weight: 25.0) from INSANE CRATE (ID: insane)
[21/10/2023 16:36:25] Yahyaop25 won 20000$ (ID: 20000$, Weight: 25.0) from INSANE CRATE (ID: insane)
[21/10/2023 16:39:38] Yahyaop25 won Economy key (ID: economy_key, Weight: 25.0) from INSANE CRATE (ID: insane)
[21/10/2023 16:39:39] Yahyaop25 won Bow (ID: bow, Weight: 25.0) from INSANE CRATE (ID: insane)
[21/10/2023 16:39:41] Yahyaop25 won Elytra (ID: elytra, Weight: 25.0) from INSANE CRATE (ID: insane)
[21/10/2023 16:39:43] Yahyaop25 won Block of Netherite (ID: block_of_netherite, Weight: 25.0) from INSANE CRATE (ID: insane)
[21/10/2023 16:39:44] Yahyaop25 won Diamond Leggings (ID: diamond_leggings, Weight: 25.0) from INSANE CRATE (ID: insane)
[21/10/2023 16:39:45] Yahyaop25 won Diamond Chestplate (ID: diamond_chestplate, Weight: 25.0) from INSANE CRATE (ID: insane)
[21/10/2023 16:39:45] Yahyaop25 won Golden Apple (ID: golden_apple, Weight: 25.0) from INSANE CRATE (ID: insane)
[21/10/2023 17:03:48] Yahyaop25 won 50K$ (ID: 50k$, Weight: 25.0) from ECONOMY CRATE (ID: economy)
[21/10/2023 17:04:33] Yahyaop25 won 20000$ (ID: 20000$, Weight: 25.0) from LEGENDARY CRATE (ID: legendary)
[03/12/2023 10:51:12] Yahyaop25 won 1000$ (ID: 1000$, Weight: 25.0) from ECONOMY CRATE (ID: economy)
[03/12/2023 10:51:15] Yahyaop25 won 48K$ (ID: 48k$, Weight: 25.0) from ECONOMY CRATE (ID: economy)
[03/12/2023 10:51:20] Yahyaop25 won 20K$ (ID: 20k$, Weight: 25.0) from ECONOMY CRATE (ID: economy)
[03/12/2023 11:12:57] Yahyaop25 won 45K$ (ID: 45k$, Weight: 25.0) from ECONOMY CRATE (ID: economy)
[05/12/2023 10:39:04] Yahyaop25 won Diamond Pickaxe (ID: diamond_pickaxe, Weight: 25.0) from VOTE CRATE (ID: vote)
[05/12/2023 10:42:22] Yahyaop25 won 29K$ (ID: 29k$, Weight: 25.0) from ECONOMY CRATE (ID: economy)
[05/12/2023 10:42:31] Yahyaop25 won 30000$ (ID: 30000$, Weight: 25.0) from LEGENDARY CRATE (ID: legendary)
[05/12/2023 10:42:40] Yahyaop25 won Diamond Pickaxe (ID: diamond_pickaxe, Weight: 25.0) from INSANE CRATE (ID: insane)
[05/12/2023 10:42:50] Yahyaop25 won Economy key (ID: economy_key, Weight: 25.0) from FIRE CRATE (ID: fire)
[05/12/2023 12:35:59] Yahyaop25 won Ender Chest (ID: ender_chest, Weight: 25.0) from FIRE CRATE (ID: fire)
[05/12/2023 12:36:27] Yahyaop25 won Golden Apple (ID: golden_apple, Weight: 25.0) from FIRE CRATE (ID: fire)
[06/12/2023 10:35:53] Yahyaop25 won Diamond Axe (ID: diamond_axe, Weight: 25.0) from INSANE CRATE (ID: insane)
[06/12/2023 10:36:00] Yahyaop25 won 15000$ (ID: 15000$, Weight: 25.0) from INSANE CRATE (ID: insane)
[06/12/2023 10:36:02] Yahyaop25 won Diamond Sword (ID: diamond_sword, Weight: 25.0) from INSANE CRATE (ID: insane)
[05/01/2024 13:42:35] test won Diamond Sword (ID: diamond_sword, Weight: 25.0) from VOTE CRATE (ID: vote)
[05/01/2024 13:44:02] test won Arrow (ID: arrow, Weight: 25.0) from FIRE CRATE (ID: fire)
[05/01/2024 13:44:04] test won Golden Apple (ID: golden_apple, Weight: 25.0) from FIRE CRATE (ID: fire)
[05/01/2024 13:44:04] test won Insane key (ID: insane_key, Weight: 25.0) from FIRE CRATE (ID: fire)
[05/01/2024 13:44:04] test won ❤ Extra heart. (ID: ❤_extra_heart1, Weight: 25.0) from FIRE CRATE (ID: fire)
[05/01/2024 13:44:05] test won Emerald (ID: emerald, Weight: 25.0) from FIRE CRATE (ID: fire)
[05/01/2024 13:44:05] test won Diamond Helmet (ID: diamond_helmet, Weight: 25.0) from FIRE CRATE (ID: fire)
[05/01/2024 13:44:05] test won ❤ Extra heart. (ID: ❤_extra_heart, Weight: 25.0) from FIRE CRATE (ID: fire)
[05/01/2024 13:44:05] test won Insane key (ID: insane_key, Weight: 25.0) from FIRE CRATE (ID: fire)
[05/01/2024 13:44:05] test won Splash Potion (ID: splash_potion1, Weight: 25.0) from FIRE CRATE (ID: fire)
[05/01/2024 13:45:52] test won Cow Spawn Egg (ID: cow_spawn_egg, Weight: 25.0) from VOTE CRATE (ID: vote)
[05/01/2024 13:46:00] test won Economy key (ID: economy_key, Weight: 25.0) from VOTE CRATE (ID: vote)
[05/01/2024 13:50:31] test won Netherite Leggings (ID: netherite_leggings, Weight: 25.0) from LEGENDARY CRATE (ID: legendary)
[05/01/2024 13:53:33] test won ❤ Extra heart. (ID: ❤_extra_heart, Weight: 25.0) from INSANE CRATE (ID: insane)
[05/01/2024 13:54:20] test won Golden Apple (ID: golden_apple, Weight: 25.0) from INSANE CRATE (ID: insane)
[05/01/2024 13:54:20] test won Legendary key (ID: legendary_key, Weight: 25.0) from INSANE CRATE (ID: insane)
[05/01/2024 13:54:20] test won ❤ Extra heart. (ID: ❤_extra_heart2, Weight: 25.0) from INSANE CRATE (ID: insane)
[05/01/2024 13:54:37] test won End Crystal (ID: end_crystal, Weight: 25.0) from INSANE CRATE (ID: insane)
[05/01/2024 13:58:19] test won Iron Ingot (ID: iron_ingot, Weight: 25.0) from VOTE CRATE (ID: vote)
[05/01/2024 13:58:26] test won 23K$ (ID: 23k$, Weight: 25.0) from ECONOMY CRATE (ID: economy)
[05/01/2024 13:58:34] test won Insane key (ID: insane_key, Weight: 25.0) from FIRE CRATE (ID: fire)
[05/01/2024 13:58:40] test won Diamond Pickaxe (ID: diamond_pickaxe, Weight: 25.0) from INSANE CRATE (ID: insane)
[05/01/2024 13:58:46] test won Netherite Boots (ID: netherite_boots, Weight: 25.0) from LEGENDARY CRATE (ID: legendary)
[09/01/2024 10:24:06] flameon111 won Shield (ID: shield, Weight: 25.0) from LEGENDARY CRATE (ID: legendary)
[09/01/2024 10:24:11] flameon111 won Bow (ID: bow, Weight: 25.0) from INSANE CRATE (ID: insane)
[09/01/2024 10:24:14] flameon111 won Splash Potion (ID: splash_potion, Weight: 25.0) from FIRE CRATE (ID: fire)
[09/01/2024 10:24:36] flameon111 won 40K$ (ID: 40k$, Weight: 25.0) from ECONOMY CRATE (ID: economy)
[22/02/2024 04:20:58] flameon111 won Name Tag (ID: name_tag, Weight: 25.0) from VOTE CRATE (ID: vote)
[22/02/2024 04:21:00] flameon111 won Chicken Spawn Egg (ID: chicken_spawn_egg, Weight: 25.0) from VOTE CRATE (ID: vote)
[22/02/2024 04:21:01] flameon111 won Diamond Helmet (ID: diamond_helmet, Weight: 25.0) from VOTE CRATE (ID: vote)
[22/02/2024 04:21:02] flameon111 won Spectral Arrow (ID: spectral_arrow, Weight: 25.0) from VOTE CRATE (ID: vote)
[22/02/2024 04:21:03] flameon111 won Cow Spawn Egg (ID: cow_spawn_egg, Weight: 25.0) from VOTE CRATE (ID: vote)
[22/02/2024 04:21:05] flameon111 won Name Tag (ID: name_tag, Weight: 25.0) from VOTE CRATE (ID: vote)
[22/02/2024 04:21:06] flameon111 won Bow (ID: bow, Weight: 25.0) from VOTE CRATE (ID: vote)
[22/02/2024 04:21:11] flameon111 won 200 Claimblocks (ID: grass_block, Weight: 25.0) from VOTE CRATE (ID: vote)
[22/02/2024 04:38:17] flameon111 won Insane key (ID: insane_key, Weight: 25.0) from FIRE CRATE (ID: fire)
[22/02/2024 04:38:45] flameon111 won Golden Apple (ID: golden_apple, Weight: 25.0) from INSANE CRATE (ID: insane)
[22/02/2024 12:35:00] flameon111 won Diamond Helmet (ID: diamond_helmet, Weight: 25.0) from VOTE CRATE (ID: vote)
[01/06/2024 14:15:41] MrErrorX won 29K$ (ID: 29k$, Weight: 25.0) from ECONOMY CRATE (ID: economy)
[01/06/2024 20:10:57] MrErrorX won 8000$ (ID: 8000$, Weight: 25.0) from ECONOMY CRATE (ID: economy)
[02/06/2024 16:17:20] MrErrorX won Emerald (ID: emerald, Weight: 25.0) from VOTE CRATE (ID: vote)
